# JRE version: Java(TM) SE Runtime Environment (14.0.2+12) (build 14.0.2+12-46)
# Java VM: Java HotSpot(TM) 64-Bit Server VM (14.0.2+12-46, mixed mode, sharing, tiered, compressed oops, g1 gc, windows-amd64)
Heap:
 garbage-first heap   total 262144K, used 122196K [0x00000000e0000000, 0x0000000100000000)
  region size 1024K, 77 young (78848K), 3 survivors (3072K)
 Metaspace       used 52897K, capacity 54716K, committed 54912K, reserved 301056K
  class space    used 7219K, capacity 7940K, committed 8064K, reserved 253952K
GC Heap History (20 events):
Event: 0.551 GC heap before
{Heap before GC invocations=0 (full 0):
 garbage-first heap   total 262144K, used 15360K [0x00000000e0000000, 0x0000000100000000)
  region size 1024K, 13 young (13312K), 0 survivors (0K)
 Metaspace       used 1166K, capacity 4891K, committed 5120K, reserved 262144K
  class space    used 98K, capacity 480K, committed 512K, reserved 253952K
}
Event: 0.554 GC heap after
{Heap after GC invocations=1 (full 0):
 garbage-first heap   total 262144K, used 3258K [0x00000000e0000000, 0x0000000100000000)
  region size 1024K, 2 young (2048K), 2 survivors (2048K)
 Metaspace       used 1166K, capacity 4891K, committed 5120K, reserved 262144K
  class space    used 98K, capacity 480K, committed 512K, reserved 253952K
}
Event: 1.027 GC heap before
{Heap before GC invocations=1 (full 0):
 garbage-first heap   total 262144K, used 20666K [0x00000000e0000000, 0x0000000100000000)
  region size 1024K, 16 young (16384K), 2 survivors (2048K)
 Metaspace       used 3467K, capacity 6249K, committed 6400K, reserved 262144K
  class space    used 449K, capacity 744K, committed 768K, reserved 253952K
}
Event: 1.036 GC heap after
{Heap after GC invocations=2 (full 0):
 garbage-first heap   total 262144K, used 9313K [0x00000000e0000000, 0x0000000100000000)
  region size 1024K, 2 young (2048K), 2 survivors (2048K)
 Metaspace       used 3467K, capacity 6249K, committed 6400K, reserved 262144K
  class space    used 449K, capacity 744K, committed 768K, reserved 253952K
}
Event: 1.514 GC heap before
{Heap before GC invocations=2 (full 0):
 garbage-first heap   total 262144K, used 32865K [0x00000000e0000000, 0x0000000100000000)
  region size 1024K, 25 young (25600K), 2 survivors (2048K)
 Metaspace       used 4400K, capacity 6853K, committed 7040K, reserved 262144K
  class space    used 547K, capacity 817K, committed 896K, reserved 253952K
}
Event: 1.517 GC heap after
{Heap after GC invocations=3 (full 0):
 garbage-first heap   total 262144K, used 9903K [0x00000000e0000000, 0x0000000100000000)
  region size 1024K, 3 young (3072K), 3 survivors (3072K)
 Metaspace       used 4400K, capacity 6853K, committed 7040K, reserved 262144K
  class space    used 547K, capacity 817K, committed 896K, reserved 253952K
}
Event: 5.225 GC heap before
{Heap before GC invocations=3 (full 0):
 garbage-first heap   total 262144K, used 163503K [0x00000000e0000000, 0x0000000100000000)
  region size 1024K, 153 young (156672K), 3 survivors (3072K)
 Metaspace       used 19912K, capacity 20501K, committed 20608K, reserved 272384K
  class space    used 2948K, capacity 3162K, committed 3200K, reserved 253952K
}
Event: 5.245 GC heap after
{Heap after GC invocations=4 (full 0):
 garbage-first heap   total 262144K, used 19149K [0x00000000e0000000, 0x0000000100000000)
  region size 1024K, 12 young (12288K), 12 survivors (12288K)
 Metaspace       used 19912K, capacity 20501K, committed 20608K, reserved 272384K
  class space    used 2948K, capacity 3162K, committed 3200K, reserved 253952K
}
Event: 5.447 GC heap before
{Heap before GC invocations=4 (full 0):
 garbage-first heap   total 262144K, used 25293K [0x00000000e0000000, 0x0000000100000000)
  region size 1024K, 19 young (19456K), 12 survivors (12288K)
 Metaspace       used 20675K, capacity 21211K, committed 21248K, reserved 272384K
  class space    used 3063K, capacity 3292K, committed 3328K, reserved 253952K
}
Event: 5.457 GC heap after
{Heap after GC invocations=5 (full 0):
 garbage-first heap   total 262144K, used 20101K [0x00000000e0000000, 0x0000000100000000)
  region size 1024K, 11 young (11264K), 11 survivors (11264K)
 Metaspace       used 20675K, capacity 21211K, committed 21248K, reserved 272384K
  class space    used 3063K, capacity 3292K, committed 3328K, reserved 253952K
}
Event: 8.715 GC heap before
{Heap before GC invocations=6 (full 0):
 garbage-first heap   total 262144K, used 154245K [0x00000000e0000000, 0x0000000100000000)
  region size 1024K, 141 young (144384K), 11 survivors (11264K)
 Metaspace       used 34665K, capacity 35641K, committed 35840K, reserved 284672K
  class space    used 4792K, capacity 5111K, committed 5120K, reserved 253952K
}
Event: 8.745 GC heap after
{Heap after GC invocations=7 (full 0):
 garbage-first heap   total 262144K, used 29119K [0x00000000e0000000, 0x0000000100000000)
  region size 1024K, 20 young (20480K), 20 survivors (20480K)
 Metaspace       used 34665K, capacity 35641K, committed 35840K, reserved 284672K
  class space    used 4792K, capacity 5111K, committed 5120K, reserved 253952K
}
Event: 11.768 GC heap before
{Heap before GC invocations=8 (full 0):
 garbage-first heap   total 262144K, used 165311K [0x00000000e0000000, 0x0000000100000000)
  region size 1024K, 153 young (156672K), 20 survivors (20480K)
 Metaspace       used 44380K, capacity 45840K, committed 45952K, reserved 294912K
  class space    used 6167K, capacity 6709K, committed 6784K, reserved 253952K
}
Event: 11.799 GC heap after
{Heap after GC invocations=9 (full 0):
 garbage-first heap   total 262144K, used 35543K [0x00000000e0000000, 0x0000000100000000)
  region size 1024K, 16 young (16384K), 16 survivors (16384K)
 Metaspace       used 44380K, capacity 45840K, committed 45952K, reserved 294912K
  class space    used 6167K, capacity 6709K, committed 6784K, reserved 253952K
}
Event: 15.405 GC heap before
{Heap before GC invocations=9 (full 0):
 garbage-first heap   total 262144K, used 174807K [0x00000000e0000000, 0x0000000100000000)
  region size 1024K, 153 young (156672K), 16 survivors (16384K)
 Metaspace       used 50802K, capacity 52485K, committed 52736K, reserved 299008K
  class space    used 7018K, capacity 7665K, committed 7680K, reserved 253952K
}
Event: 15.438 GC heap after
{Heap after GC invocations=10 (full 0):
 garbage-first heap   total 262144K, used 43831K [0x00000000e0000000, 0x0000000100000000)
  region size 1024K, 16 young (16384K), 16 survivors (16384K)
 Metaspace       used 50802K, capacity 52485K, committed 52736K, reserved 299008K
  class space    used 7018K, capacity 7665K, committed 7680K, reserved 253952K
}
Event: 16.480 GC heap before
{Heap before GC invocations=10 (full 0):
 garbage-first heap   total 262144K, used 185143K [0x00000000e0000000, 0x0000000100000000)
  region size 1024K, 153 young (156672K), 16 survivors (16384K)
 Metaspace       used 51986K, capacity 53790K, committed 54016K, reserved 301056K
  class space    used 7136K, capacity 7831K, committed 7936K, reserved 253952K
}
Event: 16.505 GC heap after
{Heap after GC invocations=11 (full 0):
 garbage-first heap   total 262144K, used 47969K [0x00000000e0000000, 0x0000000100000000)
  region size 1024K, 12 young (12288K), 12 survivors (12288K)
 Metaspace       used 51986K, capacity 53790K, committed 54016K, reserved 301056K
  class space    used 7136K, capacity 7831K, committed 7936K, reserved 253952K
}
Event: 16.833 GC heap before
{Heap before GC invocations=11 (full 0):
 garbage-first heap   total 262144K, used 194401K [0x00000000e0000000, 0x0000000100000000)
  region size 1024K, 153 young (156672K), 12 survivors (12288K)
 Metaspace       used 52387K, capacity 54168K, committed 54272K, reserved 301056K
  class space    used 7195K, capacity 7891K, committed 7936K, reserved 253952K
}
Event: 16.852 GC heap after
{Heap after GC invocations=12 (full 0):
 garbage-first heap   total 262144K, used 48468K [0x00000000e0000000, 0x0000000100000000)
  region size 1024K, 3 young (3072K), 3 survivors (3072K)
 Metaspace       used 52387K, capacity 54168K, committed 54272K, reserved 301056K
  class space    used 7195K, capacity 7891K, committed 7936K, reserved 253952K
}

