# JRE version: Java(TM) SE Runtime Environment (14.0.2+12) (build 14.0.2+12-46)
# Java VM: Java HotSpot(TM) 64-Bit Server VM (14.0.2+12-46, mixed mode, sharing, tiered, compressed oops, g1 gc, windows-amd64)
Heap:
 garbage-first heap   total 65536K, used 32749K [0x00000000fc000000, 0x0000000100000000)
  region size 1024K, 24 young (24576K), 2 survivors (2048K)
 Metaspace       used 9715K, capacity 10101K, committed 10368K, reserved 1058816K
  class space    used 1264K, capacity 1373K, committed 1408K, reserved 1048576K
GC Heap History (6 events):
Event: 0.728 GC heap before
{Heap before GC invocations=0 (full 0):
 garbage-first heap   total 65536K, used 15360K [0x00000000fc000000, 0x0000000100000000)
  region size 1024K, 13 young (13312K), 0 survivors (0K)
 Metaspace       used 1699K, capacity 5075K, committed 5248K, reserved 1056768K
  class space    used 162K, capacity 520K, committed 640K, reserved 1048576K
}
Event: 0.741 GC heap after
{Heap after GC invocations=1 (full 0):
 garbage-first heap   total 65536K, used 2944K [0x00000000fc000000, 0x0000000100000000)
  region size 1024K, 2 young (2048K), 2 survivors (2048K)
 Metaspace       used 1699K, capacity 5075K, committed 5248K, reserved 1056768K
  class space    used 162K, capacity 520K, committed 640K, reserved 1048576K
}
Event: 1.402 GC heap before
{Heap before GC invocations=1 (full 0):
 garbage-first heap   total 65536K, used 20352K [0x00000000fc000000, 0x0000000100000000)
  region size 1024K, 17 young (17408K), 2 survivors (2048K)
 Metaspace       used 4508K, capacity 6873K, committed 7040K, reserved 1056768K
  class space    used 606K, capacity 847K, committed 896K, reserved 1048576K
}
Event: 1.407 GC heap after
{Heap after GC invocations=2 (full 0):
 garbage-first heap   total 65536K, used 9504K [0x00000000fc000000, 0x0000000100000000)
  region size 1024K, 3 young (3072K), 3 survivors (3072K)
 Metaspace       used 4508K, capacity 6873K, committed 7040K, reserved 1056768K
  class space    used 606K, capacity 847K, committed 896K, reserved 1048576K
}
Event: 55.091 GC heap before
{Heap before GC invocations=2 (full 0):
 garbage-first heap   total 65536K, used 33056K [0x00000000fc000000, 0x0000000100000000)
  region size 1024K, 27 young (27648K), 3 survivors (3072K)
 Metaspace       used 9669K, capacity 10037K, committed 10112K, reserved 1058816K
  class space    used 1263K, capacity 1373K, committed 1408K, reserved 1048576K
}
Event: 55.104 GC heap after
{Heap after GC invocations=3 (full 0):
 garbage-first heap   total 65536K, used 11245K [0x00000000fc000000, 0x0000000100000000)
  region size 1024K, 2 young (2048K), 2 survivors (2048K)
 Metaspace       used 9669K, capacity 10037K, committed 10112K, reserved 1058816K
  class space    used 1263K, capacity 1373K, committed 1408K, reserved 1048576K
}

