# JRE version: Java(TM) SE Runtime Environment (14.0.2+12) (build 14.0.2+12-46)
# Java VM: Java HotSpot(TM) 64-Bit Server VM (14.0.2+12-46, mixed mode, sharing, tiered, compressed oops, g1 gc, windows-amd64)
Heap:
 garbage-first heap   total 262144K, used 29804K [0x00000000e0000000, 0x0000000100000000)
  region size 1024K, 11 young (11264K), 11 survivors (11264K)
 Metaspace       used 39717K, capacity 40851K, committed 40912K, reserved 290816K
  class space    used 5475K, capacity 5888K, committed 5888K, reserved 253952K
GC Heap History (14 events):
Event: 0.607 GC heap before
{Heap before GC invocations=0 (full 0):
 garbage-first heap   total 262144K, used 15360K [0x00000000e0000000, 0x0000000100000000)
  region size 1024K, 13 young (13312K), 0 survivors (0K)
 Metaspace       used 1160K, capacity 4891K, committed 5120K, reserved 262144K
  class space    used 98K, capacity 480K, committed 512K, reserved 253952K
}
Event: 0.612 GC heap after
{Heap after GC invocations=1 (full 0):
 garbage-first heap   total 262144K, used 3471K [0x00000000e0000000, 0x0000000100000000)
  region size 1024K, 2 young (2048K), 2 survivors (2048K)
 Metaspace       used 1160K, capacity 4891K, committed 5120K, reserved 262144K
  class space    used 98K, capacity 480K, committed 512K, reserved 253952K
}
Event: 1.096 GC heap before
{Heap before GC invocations=1 (full 0):
 garbage-first heap   total 262144K, used 20879K [0x00000000e0000000, 0x0000000100000000)
  region size 1024K, 16 young (16384K), 2 survivors (2048K)
 Metaspace       used 3463K, capacity 6249K, committed 6400K, reserved 262144K
  class space    used 449K, capacity 744K, committed 768K, reserved 253952K
}
Event: 1.103 GC heap after
{Heap after GC invocations=2 (full 0):
 garbage-first heap   total 262144K, used 9612K [0x00000000e0000000, 0x0000000100000000)
  region size 1024K, 2 young (2048K), 2 survivors (2048K)
 Metaspace       used 3463K, capacity 6249K, committed 6400K, reserved 262144K
  class space    used 449K, capacity 744K, committed 768K, reserved 253952K
}
Event: 1.636 GC heap before
{Heap before GC invocations=2 (full 0):
 garbage-first heap   total 262144K, used 33164K [0x00000000e0000000, 0x0000000100000000)
  region size 1024K, 25 young (25600K), 2 survivors (2048K)
 Metaspace       used 4400K, capacity 6853K, committed 7040K, reserved 262144K
  class space    used 547K, capacity 817K, committed 896K, reserved 253952K
}
Event: 1.639 GC heap after
{Heap after GC invocations=3 (full 0):
 garbage-first heap   total 262144K, used 10176K [0x00000000e0000000, 0x0000000100000000)
  region size 1024K, 3 young (3072K), 3 survivors (3072K)
 Metaspace       used 4400K, capacity 6853K, committed 7040K, reserved 262144K
  class space    used 547K, capacity 817K, committed 896K, reserved 253952K
}
Event: 6.306 GC heap before
{Heap before GC invocations=3 (full 0):
 garbage-first heap   total 262144K, used 163776K [0x00000000e0000000, 0x0000000100000000)
  region size 1024K, 153 young (156672K), 3 survivors (3072K)
 Metaspace       used 19878K, capacity 20501K, committed 20608K, reserved 272384K
  class space    used 2945K, capacity 3162K, committed 3200K, reserved 253952K
}
Event: 6.323 GC heap after
{Heap after GC invocations=4 (full 0):
 garbage-first heap   total 262144K, used 19610K [0x00000000e0000000, 0x0000000100000000)
  region size 1024K, 12 young (12288K), 12 survivors (12288K)
 Metaspace       used 19878K, capacity 20501K, committed 20608K, reserved 272384K
  class space    used 2945K, capacity 3162K, committed 3200K, reserved 253952K
}
Event: 6.789 GC heap before
{Heap before GC invocations=4 (full 0):
 garbage-first heap   total 262144K, used 26778K [0x00000000e0000000, 0x0000000100000000)
  region size 1024K, 20 young (20480K), 12 survivors (12288K)
 Metaspace       used 20682K, capacity 21214K, committed 21296K, reserved 272384K
  class space    used 3068K, capacity 3293K, committed 3328K, reserved 253952K
}
Event: 6.800 GC heap after
{Heap after GC invocations=5 (full 0):
 garbage-first heap   total 262144K, used 20109K [0x00000000e0000000, 0x0000000100000000)
  region size 1024K, 11 young (11264K), 11 survivors (11264K)
 Metaspace       used 20682K, capacity 21214K, committed 21296K, reserved 272384K
  class space    used 3068K, capacity 3293K, committed 3328K, reserved 253952K
}
Event: 16.911 GC heap before
{Heap before GC invocations=6 (full 0):
 garbage-first heap   total 262144K, used 154253K [0x00000000e0000000, 0x0000000100000000)
  region size 1024K, 141 young (144384K), 11 survivors (11264K)
 Metaspace       used 34783K, capacity 35739K, committed 35920K, reserved 284672K
  class space    used 4811K, capacity 5144K, committed 5248K, reserved 253952K
}
Event: 16.934 GC heap after
{Heap after GC invocations=7 (full 0):
 garbage-first heap   total 262144K, used 29820K [0x00000000e0000000, 0x0000000100000000)
  region size 1024K, 20 young (20480K), 20 survivors (20480K)
 Metaspace       used 34783K, capacity 35739K, committed 35920K, reserved 284672K
  class space    used 4811K, capacity 5144K, committed 5248K, reserved 253952K
}
Event: 19.416 GC heap before
{Heap before GC invocations=8 (full 0):
 garbage-first heap   total 262144K, used 87164K [0x00000000e0000000, 0x0000000100000000)
  region size 1024K, 77 young (78848K), 20 survivors (20480K)
 Metaspace       used 39717K, capacity 40851K, committed 40912K, reserved 290816K
  class space    used 5475K, capacity 5888K, committed 5888K, reserved 253952K
}
Event: 19.447 GC heap after
{Heap after GC invocations=9 (full 0):
 garbage-first heap   total 262144K, used 29804K [0x00000000e0000000, 0x0000000100000000)
  region size 1024K, 11 young (11264K), 11 survivors (11264K)
 Metaspace       used 39717K, capacity 40851K, committed 40912K, reserved 290816K
  class space    used 5475K, capacity 5888K, committed 5888K, reserved 253952K
}

